CRITICAL - 2026-05-26 00:07:47 --> ErrorException: Undefined variable $estados
[Method: GET, Route: municipios/estado/3]
in APPPATH\Views\index.php on line 23.
 1 APPPATH\Views\index.php(23): CodeIgniter\Debug\Exceptions->errorHandler(2, 'Undefined variable $estados', 'D:\\Users\\ferna\\Desktop\\ajax-test\\app\\Views\\index.php', 23)
 2 SYSTEMPATH\View\View.php(226): include('D:\\Users\\ferna\\Desktop\\ajax-test\\app\\Views\\index.php')
 3 SYSTEMPATH\View\View.php(229): CodeIgniter\View\View->CodeIgniter\View\{closure}()
 4 SYSTEMPATH\Common.php(1199): CodeIgniter\View\View->render('index', [], true)
 5 APPPATH\Controllers\Municipios.php(17): view('index')
 6 SYSTEMPATH\CodeIgniter.php(933): App\Controllers\Municipios->getByEstado('3')
 7 SYSTEMPATH\CodeIgniter.php(507): CodeIgniter\CodeIgniter->runController(Object(App\Controllers\Municipios))
 8 SYSTEMPATH\CodeIgniter.php(354): CodeIgniter\CodeIgniter->handleRequest(null, Object(Config\Cache), false)
 9 SYSTEMPATH\Boot.php(363): CodeIgniter\CodeIgniter->run()
10 SYSTEMPATH\Boot.php(68): CodeIgniter\Boot::runCodeIgniter(Object(CodeIgniter\CodeIgniter))
11 FCPATH\index.php(59): CodeIgniter\Boot::bootWeb(Object(Config\Paths))
CRITICAL - 2026-05-26 00:07:51 --> ErrorException: Undefined variable $estados
[Method: GET, Route: municipios/estado/3]
in APPPATH\Views\index.php on line 23.
 1 APPPATH\Views\index.php(23): CodeIgniter\Debug\Exceptions->errorHandler(2, 'Undefined variable $estados', 'D:\\Users\\ferna\\Desktop\\ajax-test\\app\\Views\\index.php', 23)
 2 SYSTEMPATH\View\View.php(226): include('D:\\Users\\ferna\\Desktop\\ajax-test\\app\\Views\\index.php')
 3 SYSTEMPATH\View\View.php(229): CodeIgniter\View\View->CodeIgniter\View\{closure}()
 4 SYSTEMPATH\Common.php(1199): CodeIgniter\View\View->render('index', [], true)
 5 APPPATH\Controllers\Municipios.php(17): view('index')
 6 SYSTEMPATH\CodeIgniter.php(933): App\Controllers\Municipios->getByEstado('3')
 7 SYSTEMPATH\CodeIgniter.php(507): CodeIgniter\CodeIgniter->runController(Object(App\Controllers\Municipios))
 8 SYSTEMPATH\CodeIgniter.php(354): CodeIgniter\CodeIgniter->handleRequest(null, Object(Config\Cache), false)
 9 SYSTEMPATH\Boot.php(363): CodeIgniter\CodeIgniter->run()
10 SYSTEMPATH\Boot.php(68): CodeIgniter\Boot::runCodeIgniter(Object(CodeIgniter\CodeIgniter))
11 FCPATH\index.php(59): CodeIgniter\Boot::bootWeb(Object(Config\Paths))
CRITICAL - 2026-05-26 00:08:23 --> CodeIgniter\View\Exceptions\ViewException: Invalid file: "errors/html/error_403.php"
[Method: GET, Route: municipios/estado/3]
in SYSTEMPATH\Exceptions\FrameworkException.php on line 39.
 1 SYSTEMPATH\View\View.php(214): CodeIgniter\Exceptions\FrameworkException::forInvalidFile('errors/html/error_403.php')
 2 SYSTEMPATH\Common.php(1199): CodeIgniter\View\View->render('errors/html/error_403', [], true)
 3 APPPATH\Controllers\Municipios.php(17): view('errors/html/error_403')
 4 SYSTEMPATH\CodeIgniter.php(933): App\Controllers\Municipios->getByEstado('3')
 5 SYSTEMPATH\CodeIgniter.php(507): CodeIgniter\CodeIgniter->runController(Object(App\Controllers\Municipios))
 6 SYSTEMPATH\CodeIgniter.php(354): CodeIgniter\CodeIgniter->handleRequest(null, Object(Config\Cache), false)
 7 SYSTEMPATH\Boot.php(363): CodeIgniter\CodeIgniter->run()
 8 SYSTEMPATH\Boot.php(68): CodeIgniter\Boot::runCodeIgniter(Object(CodeIgniter\CodeIgniter))
 9 FCPATH\index.php(59): CodeIgniter\Boot::bootWeb(Object(Config\Paths))
